── Pass 1 for AP_PHYSICS_1 (Thu, Apr 16, 2026  8:11:34 AM) ──
(node:23264) [MODULE_TYPELESS_PACKAGE_JSON] Warning: Module type of file:///C:/Users/akkil/project/AP_Help/scripts/populate-all.ts is not specified and it doesn't parse as CommonJS.
Reparsing as ES module because module syntax was detected. This incurs a performance overhead.
To eliminate this warning, add "type": "module" to C:\Users\akkil\project\AP_Help\package.json.
(Use `node --trace-warnings ...` to show where the warning was created)
🔐 Authenticating murprasad@yahoo.com at http://localhost:3002...
✅ Logged in as murprasad@yahoo.com (ADMIN)

  (filtered to AP_PHYSICS_1)

📚 AP_PHYSICS_1
  ├─ PHY1_1_KINEMATICS                          [chunk 1, target=15] ✅ +1 (E:1 M:0 H:0), 1 fail, 64.9s
  ├─ PHY1_1_KINEMATICS                          [chunk 2, target=30] ❌ fetch failed
     └─ unit done: +1, 2 failed
  ├─ PHY1_2_FORCES_AND_NEWTONS_LAWS             [chunk 1, target=15] ✅ +1 (E:0 M:1 H:0), 3 fail, 137.8s
  ├─ PHY1_2_FORCES_AND_NEWTONS_LAWS             [chunk 2, target=30] ❌ fetch failed
     └─ unit done: +1, 4 failed
  ├─ PHY1_3_CIRCULAR_MOTION_GRAVITATION         [chunk 1, target=15] ⏩ already at 15 (1.2s)
  ├─ PHY1_3_CIRCULAR_MOTION_GRAVITATION         [chunk 2, target=30] ✅ +1 (E:0 M:1 H:0), 3 fail, 172.6s
  ├─ PHY1_3_CIRCULAR_MOTION_GRAVITATION         [chunk 3, target=45] ❌ fetch failed
     └─ unit done: +1, 4 failed
  ├─ PHY1_4_ENERGY                              [chunk 1, target=15] ⏩ already at 15 (0.2s)
  ├─ PHY1_4_ENERGY                              [chunk 2, target=30] ❌ fetch failed
     └─ unit done: +0, 1 failed
  ├─ PHY1_5_MOMENTUM                            [chunk 1, target=15] ✅ +0 (E:0 M:0 H:0), 6 fail, 181.3s
  ├─ PHY1_5_MOMENTUM                            [chunk 2, target=30] ❌ The operation was aborted due to timeout
     └─ unit done: +0, 7 failed
  ├─ PHY1_6_SIMPLE_HARMONIC_MOTION              [chunk 1, target=15] ⏩ already at 15 (2.4s)
  ├─ PHY1_6_SIMPLE_HARMONIC_MOTION              [chunk 2, target=30] ✅ +0 (E:0 M:0 H:0), 5 fail, 183.8s
  ├─ PHY1_6_SIMPLE_HARMONIC_MOTION              [chunk 3, target=45] ❌ fetch failed
     └─ unit done: +0, 6 failed
  ├─ PHY1_7_TORQUE_AND_ROTATION                 [chunk 1, target=15] ⏩ already at 15 (0.1s)
  ├─ PHY1_7_TORQUE_AND_ROTATION                 [chunk 2, target=30] ✅ +0 (E:0 M:0 H:0), 4 fail, 140.1s
  ├─ PHY1_7_TORQUE_AND_ROTATION                 [chunk 3, target=45] ❌ fetch failed
     └─ unit done: +0, 5 failed
  ├─ PHY1_8_ELECTRIC_CHARGE_AND_FORCE           [chunk 1, target=15] ❌ fetch failed
     └─ unit done: +0, 1 failed
  ├─ PHY1_9_DC_CIRCUITS                         [chunk 1, target=15] ✅ +0 (E:0 M:0 H:0), 8 fail, 250.3s
  ├─ PHY1_9_DC_CIRCUITS                         [chunk 2, target=30] ❌ fetch failed
     └─ unit done: +0, 9 failed
  ├─ PHY1_10_WAVES_AND_SOUND                    [chunk 1, target=15] ❌ fetch failed
     └─ unit done: +0, 1 failed

════════════════════════════════════════
Total generated: 3
Total failed:    40
Elapsed:         117.0 min
════════════════════════════════════════
── Pass 2 for AP_PHYSICS_1 (Thu, Apr 16, 2026 10:08:54 AM) ──
(node:32676) [MODULE_TYPELESS_PACKAGE_JSON] Warning: Module type of file:///C:/Users/akkil/project/AP_Help/scripts/populate-all.ts is not specified and it doesn't parse as CommonJS.
Reparsing as ES module because module syntax was detected. This incurs a performance overhead.
To eliminate this warning, add "type": "module" to C:\Users\akkil\project\AP_Help\package.json.
(Use `node --trace-warnings ...` to show where the warning was created)
🔐 Authenticating murprasad@yahoo.com at http://localhost:3002...
✅ Logged in as murprasad@yahoo.com (ADMIN)

  (filtered to AP_PHYSICS_1)

📚 AP_PHYSICS_1
  ├─ PHY1_1_KINEMATICS                          [chunk 1, target=15] ⏩ already at 15 (0.2s)
  ├─ PHY1_1_KINEMATICS                          [chunk 2, target=30] ❌ The operation was aborted due to timeout
     └─ unit done: +0, 1 failed
  ├─ PHY1_2_FORCES_AND_NEWTONS_LAWS             [chunk 1, target=15] ✅ +0 (E:0 M:0 H:0), 2 fail, 69.0s
  ├─ PHY1_2_FORCES_AND_NEWTONS_LAWS             [chunk 2, target=30] 