(node:17860) [MODULE_TYPELESS_PACKAGE_JSON] Warning: Module type of file:///C:/Users/akkil/project/AP_Help/scripts/populate-all.ts is not specified and it doesn't parse as CommonJS.
Reparsing as ES module because module syntax was detected. This incurs a performance overhead.
To eliminate this warning, add "type": "module" to C:\Users\akkil\project\AP_Help\package.json.
(Use `node --trace-warnings ...` to show where the warning was created)
🔐 Authenticating murprasad@yahoo.com at http://localhost:3000...
✅ Logged in as murprasad@yahoo.com (ADMIN)

  (filtered to AP_WORLD_HISTORY)

📚 AP_WORLD_HISTORY
  ├─ UNIT_1_GLOBAL_TAPESTRY                     [chunk 1, target=10] ⏩ already at 10 (0.3s)
  ├─ UNIT_1_GLOBAL_TAPESTRY                     [chunk 2, target=20] ⏩ already at 20 (0.1s)
  ├─ UNIT_1_GLOBAL_TAPESTRY                     [chunk 3, target=30] ⏩ already at 30 (0.1s)
  ├─ UNIT_1_GLOBAL_TAPESTRY                     [chunk 4, target=40] ⏩ already at 40 (0.1s)
  ├─ UNIT_1_GLOBAL_TAPESTRY                     [chunk 5, target=50] ⏩ already at 50 (0.3s)
  ├─ UNIT_1_GLOBAL_TAPESTRY                     [chunk 6, target=56] ✅ +1 (E:1 M:0 H:0), 2 fail, 97.7s
  ├─ UNIT_1_GLOBAL_TAPESTRY                     [chunk 7, target=56] ✅ +0 (E:0 M:0 H:0), 2 fail, 69.7s
     └─ unit done: +1, 4 failed
  ├─ UNIT_2_NETWORKS_OF_EXCHANGE                [chunk 1, target=10] ⏩ already at 10 (0.1s)
  ├─ UNIT_2_NETWORKS_OF_EXCHANGE                [chunk 2, target=20] ⏩ already at 20 (0.1s)
  ├─ UNIT_2_NETWORKS_OF_EXCHANGE                [chunk 3, target=30] ⏩ already at 30 (0.1s)
  ├─ UNIT_2_NETWORKS_OF_EXCHANGE                [chunk 4, target=40] ⏩ already at 40 (0.2s)
  ├─ UNIT_2_NETWORKS_OF_EXCHANGE                [chunk 5, target=50] ⏩ already at 50 (0.2s)
  ├─ UNIT_2_NETWORKS_OF_EXCHANGE                [chunk 6, target=56] ✅ +0 (E:0 M:0 H:0), 6 fail, 237.7s
     └─ unit done: +0, 6 failed
  ├─ UNIT_3_LAND_BASED_EMPIRES                  [chunk 1, target=10] ⏩ already at 10 (0.6s)
  ├─ UNIT_3_LAND_BASED_EMPIRES                  [chunk 2, target=20] ⏩ already at 20 (0.2s)
  ├─ UNIT_3_LAND_BASED_EMPIRES                  [chunk 3, target=30] ⏩ already at 30 (0.1s)
  ├─ UNIT_3_LAND_BASED_EMPIRES                  [chunk 4, target=40] ⏩ already at 40 (0.1s)
  ├─ UNIT_3_LAND_BASED_EMPIRES                  [chunk 5, target=50] ⏩ already at 50 (0.2s)
  ├─ UNIT_3_LAND_BASED_EMPIRES                  [chunk 6, target=56] ✅ +0 (E:0 M:0 H:0), 1 fail, 34.6s
     └─ unit done: +0, 1 failed
  ├─ UNIT_4_TRANSOCEANIC_INTERCONNECTIONS       [chunk 1, target=10] ⏩ already at 10 (0.4s)
  ├─ UNIT_4_TRANSOCEANIC_INTERCONNECTIONS       [chunk 2, target=20] ⏩ already at 20 (0.1s)
  ├─ UNIT_4_TRANSOCEANIC_INTERCONNECTIONS       [chunk 3, target=30] ⏩ already at 30 (0.1s)
  ├─ UNIT_4_TRANSOCEANIC_INTERCONNECTIONS       [chunk 4, target=40] ⏩ already at 40 (0.1s)
  ├─ UNIT_4_TRANSOCEANIC_INTERCONNECTIONS       [chunk 5, target=50] ⏩ already at 50 (0.1s)
  ├─ UNIT_4_TRANSOCEANIC_INTERCONNECTIONS       [chunk 6, target=56] ✅ +0 (E:0 M:0 H:0), 2 fail, 88.7s
     └─ unit done: +0, 2 failed
  ├─ UNIT_5_REVOLUTIONS                         [chunk 1, target=10] ⏩ already at 10 (0.3s)
  ├─ UNIT_5_REVOLUTIONS                         [chunk 2, target=20] ⏩ already at 20 (0.1s)
  ├─ UNIT_5_REVOLUTIONS                         [chunk 3, target=30] ⏩ already at 30 (0.1s)
  ├─ UNIT_5_REVOLUTIONS                         [chunk 4, target=40] ⏩ already at 40 (0.1s)
  ├─ UNIT_5_REVOLUTIONS                         [chunk 5, target=50] ⏩ already at 50 (0.1s)
  ├─ UNIT_5_REVOLUTIONS                         [chunk 6, target=56] (node:14652) [MODULE_TYPELESS_PACKAGE_JSON] Warning: Module type of file:///C:/Users/akkil/project/AP_Help/scripts/populate-all.ts is not specified and it doesn't parse as CommonJS.
Reparsing as ES module because module syntax was detected. This incurs a performance overhead.
To eliminate this warning, add "type": "module" to C:\Users\akkil\project\AP_Help\package.json.
(Use `node --trace-warnings ...` to show where the warning was created)
🔐 Authenticating murprasad@yahoo.com at http://localhost:3000...
✅ Logged in as murprasad@yahoo.com (ADMIN)

  (filtered to AP_WORLD_HISTORY)

📚 AP_WORLD_HISTORY
  ├─ UNIT_1_GLOBAL_TAPESTRY                     [chunk 1, target=10] ⏩ already at 10 (0.1s)
  ├─ UNIT_1_GLOBAL_TAPESTRY                     [chunk 2, target=20] ⏩ already at 20 (0.1s)
  ├─ UNIT_1_GLOBAL_TAPESTRY                     [chunk 3, target=30] ⏩ already at 30 (0.1s)
  ├─ UNIT_1_GLOBAL_TAPESTRY                     [chunk 4, target=40] ⏩ already at 40 (0.1s)
  ├─ UNIT_1_GLOBAL_TAPESTRY                     [chunk 5, target=50] ⏩ already at 50 (0.1s)
  ├─ UNIT_1_GLOBAL_TAPESTRY                     [chunk 6, target=56] ✅ +0 (E:0 M:0 H:0), 2 fail, 66.3s
     └─ unit done: +0, 2 failed
  ├─ UNIT_2_NETWORKS_OF_EXCHANGE                [chunk 1, target=10] ⏩ already at 10 (0.1s)
  ├─ UNIT_2_NETWORKS_OF_EXCHANGE                [chunk 2, target=20] ⏩ already at 20 (0.2s)
  ├─ UNIT_2_NETWORKS_OF_EXCHANGE                [chunk 3, target=30] ⏩ already at 30 (0.2s)
  ├─ UNIT_2_NETWORKS_OF_EXCHANGE                [chunk 4, target=40] ⏩ already at 40 (0.1s)
  ├─ UNIT_2_NETWORKS_OF_EXCHANGE                [chunk 5, target=50] ⏩ already at 50 (0.1s)
  ├─ UNIT_2_NETWORKS_OF_EXCHANGE                [chunk 6, target=56] ✅ +1 (E:0 M:1 H:0), 5 fail, 185.2s
  ├─ UNIT_2_NETWORKS_OF_EXCHANGE                [chunk 7, target=56] ✅ +0 (E:0 M:0 H:0), 5 fail, 193.2s
     └─ unit done: +1, 10 failed
  ├─ UNIT_3_LAND_BASED_EMPIRES                  [chunk 1, target=10] ⏩ already at 10 (0.2s)
  ├─ UNIT_3_LAND_BASED_EMPIRES                  [chunk 2, target=20] ⏩ already at 20 (0.1s)
  ├─ UNIT_3_LAND_BASED_EMPIRES                  [chunk 3, target=30] ⏩ already at 30 (0.1s)
  ├─ UNIT_3_LAND_BASED_EMPIRES                  [chunk 4, target=40] ⏩ already at 40 (0.1s)
  ├─ UNIT_3_LAND_BASED_EMPIRES                  [chunk 5, target=50] ⏩ already at 50 (0.1s)
  ├─ UNIT_3_LAND_BASED_EMPIRES                  [chunk 6, target=56] ✅ +0 (E:0 M:0 H:0), 1 fail, 37.1s
     └─ unit done: +0, 1 failed
  ├─ UNIT_4_TRANSOCEANIC_INTERCONNECTIONS       [chunk 1, target=10] ⏩ already at 10 (0.6s)
  ├─ UNIT_4_TRANSOCEANIC_INTERCONNECTIONS       [chunk 2, target=20] ⏩ already at 20 (0.2s)
  ├─ UNIT_4_TRANSOCEANIC_INTERCONNECTIONS       [chunk 3, target=30] ⏩ already at 30 (0.1s)
  ├─ UNIT_4_TRANSOCEANIC_INTERCONNECTIONS       [chunk 4, target=40] ⏩ already at 40 (0.1s)
  ├─ UNIT_4_TRANSOCEANIC_INTERCONNECTIONS       [chunk 5, target=50] ⏩ already at 50 (0.1s)
  ├─ UNIT_4_TRANSOCEANIC_INTERCONNECTIONS       [chunk 6, target=56] ✅ +0 (E:0 M:0 H:0), 2 fail, 83.0s
     └─ unit done: +0, 2 failed
  ├─ UNIT_5_REVOLUTIONS                         [chunk 1, target=10] ⏩ already at 10 (0.7s)
  ├─ UNIT_5_REVOLUTIONS                         [chunk 2, target=20] ⏩ already at 20 (0.1s)
  ├─ UNIT_5_REVOLUTIONS                         [chunk 3, target=30] ⏩ already at 30 (0.1s)
  ├─ UNIT_5_REVOLUTIONS                         [chunk 4, target=40] ⏩ already at 40 (0.2s)
  ├─ UNIT_5_REVOLUTIONS                         [chunk 5, target=50] ⏩ already at 50 (0.2s)
  ├─ UNIT_5_REVOLUTIONS                         [chunk 6, target=56] ✅ +1 (E:0 M:1 H:0), 3 fail, 141.5s
  ├─ UNIT_5_REVOLUTIONS                         [chunk 7, target=56] ✅ +0 (E:0 M:0 H:0), 3 fail, 97.8s
     └─ unit done: +1, 6 failed
  ├─ UNIT_6_INDUSTRIALIZATION                   [chunk 1, target=10] ⏩ already at 10 (0.2s)
  ├─ UNIT_6_INDUSTRIALIZATION                   [chunk 2, target=20] ⏩ already at 20 (0.1s)
  ├─ UNIT_6_INDUSTRIALIZATION                   [chunk 3, target=30] ⏩ already at 30 (0.1s)
  ├─ UNIT_6_INDUSTRIALIZATION                   [chunk 4, target=40] ⏩ already at 40 (0.3s)
  ├─ UNIT_6_INDUSTRIALIZATION                   [chunk 5, target=50] ⏩ already at 50 (0.3s)
  ├─ UNIT_6_INDUSTRIALIZATION                   [chunk 6, target=56] (node:7824) [MODULE_TYPELESS_PACKAGE_JSON] Warning: Module type of file:///C:/Users/akkil/project/AP_Help/scripts/populate-all.ts is not specified and it doesn't parse as CommonJS.
Reparsing as ES module because module syntax was detected. This incurs a performance overhead.
To eliminate this warning, add "type": "module" to C:\Users\akkil\project\AP_Help\package.json.
(Use `node --trace-warnings ...` to show where the warning was created)
🔐 Authenticating murprasad@yahoo.com at http://localhost:3000...
✅ Logged in as murprasad@yahoo.com (ADMIN)

  (filtered to AP_WORLD_HISTORY)

📚 AP_WORLD_HISTORY
  ├─ UNIT_1_GLOBAL_TAPESTRY                     [chunk 1, target=5] ⏩ already at 5 (0.2s)
  ├─ UNIT_1_GLOBAL_TAPESTRY                     [chunk 2, target=10] ⏩ already at 10 (0.1s)
  ├─ UNIT_1_GLOBAL_TAPESTRY                     [chunk 3, target=15] ⏩ already at 15 (0.1s)
  ├─ UNIT_1_GLOBAL_TAPESTRY                     [chunk 4, target=20] ⏩ already at 20 (0.1s)
  ├─ UNIT_1_GLOBAL_TAPESTRY                     [chunk 5, target=25] ⏩ already at 25 (0.6s)
  ├─ UNIT_1_GLOBAL_TAPESTRY                     [chunk 6, target=30] ⏩ already at 30 (0.2s)
  ├─ UNIT_1_GLOBAL_TAPESTRY                     [chunk 7, target=35] ⏩ already at 35 (0.2s)
  ├─ UNIT_1_GLOBAL_TAPESTRY                     [chunk 8, target=40] ⏩ already at 40 (0.1s)
  ├─ UNIT_1_GLOBAL_TAPESTRY                     [chunk 9, target=45] ⏩ already at 45 (0.2s)
  ├─ UNIT_1_GLOBAL_TAPESTRY                     [chunk 10, target=50] ⏩ already at 50 (0.1s)
  ├─ UNIT_1_GLOBAL_TAPESTRY                     [chunk 11, target=55] ✅ +1 (E:0 M:1 H:0), 0 fail, 21.4s
  ├─ UNIT_1_GLOBAL_TAPESTRY                     [chunk 12, target=56] ✅ +0 (E:0 M:0 H:0), 1 fail, 29.4s
     └─ unit done: +1, 1 failed
  ├─ UNIT_2_NETWORKS_OF_EXCHANGE                [chunk 1, target=5] ⏩ already at 5 (0.7s)
  ├─ UNIT_2_NETWORKS_OF_EXCHANGE                [chunk 2, target=10] ⏩ already at 10 (0.1s)
  ├─ UNIT_2_NETWORKS_OF_EXCHANGE                [chunk 3, target=15] ⏩ already at 15 (0.1s)
  ├─ UNIT_2_NETWORKS_OF_EXCHANGE                [chunk 4, target=20] ⏩ already at 20 (0.1s)
  ├─ UNIT_2_NETWORKS_OF_EXCHANGE                [chunk 5, target=25] ⏩ already at 25 (0.1s)
  ├─ UNIT_2_NETWORKS_OF_EXCHANGE                [chunk 6, target=30] ⏩ already at 30 (0.3s)
  ├─ UNIT_2_NETWORKS_OF_EXCHANGE                [chunk 7, target=35] ⏩ already at 35 (0.1s)
  ├─ UNIT_2_NETWORKS_OF_EXCHANGE                [chunk 8, target=40] ⏩ already at 40 (0.1s)
  ├─ UNIT_2_NETWORKS_OF_EXCHANGE                [chunk 9, target=45] ⏩ already at 45 (0.1s)
  ├─ UNIT_2_NETWORKS_OF_EXCHANGE                [chunk 10, target=50] ⏩ already at 50 (0.1s)
  ├─ UNIT_2_NETWORKS_OF_EXCHANGE                [chunk 11, target=55] ✅ +1 (E:0 M:0 H:1), 3 fail, 126.5s
  ├─ UNIT_2_NETWORKS_OF_EXCHANGE                [chunk 12, target=56] 